Performing C SOURCE FILE Test CMAKE_HAVE_LIBC_PTHREAD failed with the following output:
Change Dir: /workspaces/zmq-blackjack-dealer/backend/build/CMakeFiles/CMakeTmp

Run Build Command(s):/usr/bin/gmake -f Makefile cmTC_7f15e/fast && gmake[1]: Entering directory '/workspaces/zmq-blackjack-dealer/backend/build/CMakeFiles/CMakeTmp'
/usr/bin/gmake  -f CMakeFiles/cmTC_7f15e.dir/build.make CMakeFiles/cmTC_7f15e.dir/build
gmake[2]: Entering directory '/workspaces/zmq-blackjack-dealer/backend/build/CMakeFiles/CMakeTmp'
Building C object CMakeFiles/cmTC_7f15e.dir/src.c.o
/usr/bin/cc -DCMAKE_HAVE_LIBC_PTHREAD   -o CMakeFiles/cmTC_7f15e.dir/src.c.o -c /workspaces/zmq-blackjack-dealer/backend/build/CMakeFiles/CMakeTmp/src.c
Linking C executable cmTC_7f15e
/opt/cmake/bin/cmake -E cmake_link_script CMakeFiles/cmTC_7f15e.dir/link.txt --verbose=1
/usr/bin/cc CMakeFiles/cmTC_7f15e.dir/src.c.o -o cmTC_7f15e 
/usr/bin/ld: CMakeFiles/cmTC_7f15e.dir/src.c.o: in function `main':
src.c:(.text+0x2f): undefined reference to `pthread_create'
/usr/bin/ld: src.c:(.text+0x3b): undefined reference to `pthread_detach'
/usr/bin/ld: src.c:(.text+0x47): undefined reference to `pthread_cancel'
/usr/bin/ld: src.c:(.text+0x58): undefined reference to `pthread_join'
collect2: error: ld returned 1 exit status
gmake[2]: *** [CMakeFiles/cmTC_7f15e.dir/build.make:99: cmTC_7f15e] Error 1
gmake[2]: Leaving directory '/workspaces/zmq-blackjack-dealer/backend/build/CMakeFiles/CMakeTmp'
gmake[1]: *** [Makefile:127: cmTC_7f15e/fast] Error 2
gmake[1]: Leaving directory '/workspaces/zmq-blackjack-dealer/backend/build/CMakeFiles/CMakeTmp'


Source file was:
#include <pthread.h>

static void* test_func(void* data)
{
  return data;
}

int main(void)
{
  pthread_t thread;
  pthread_create(&thread, NULL, test_func, NULL);
  pthread_detach(thread);
  pthread_cancel(thread);
  pthread_join(thread, NULL);
  pthread_atfork(NULL, NULL, NULL);
  pthread_exit(NULL);

  return 0;
}

